<?xml version="1.0" encoding="UTF-8"?>
<testsuite name="com.jojoldu.book.springboot.web.HelloControllerTest" tests="2" skipped="0" failures="0" errors="0" timestamp="2020-11-21T06:28:38" hostname="LAPTOP-3HCL3HVB" time="0.265">
  <properties/>
  <testcase name="hello가_리턴된다" classname="com.jojoldu.book.springboot.web.HelloControllerTest" time="0.105"/>
  <testcase name="helloDto가_리턴된다" classname="com.jojoldu.book.springboot.web.HelloControllerTest" time="0.159"/>
  <system-out><![CDATA[2020-11-21 15:28:36.440  INFO 8304 --- [    Test worker] .b.t.a.w.s.WebMvcTestContextBootstrapper : Neither @ContextConfiguration nor @ContextHierarchy found for test class [com.jojoldu.book.springboot.web.HelloControllerTest], using SpringBootContextLoader
2020-11-21 15:28:36.441  INFO 8304 --- [    Test worker] o.s.t.c.support.AbstractContextLoader    : Could not detect default resource locations for test class [com.jojoldu.book.springboot.web.HelloControllerTest]: no resource found for suffixes {-context.xml, Context.groovy}.
2020-11-21 15:28:36.442  INFO 8304 --- [    Test worker] t.c.s.AnnotationConfigContextLoaderUtils : Could not detect default configuration classes for test class [com.jojoldu.book.springboot.web.HelloControllerTest]: HelloControllerTest does not declare any static, non-private, non-final, nested classes annotated with @Configuration.
2020-11-21 15:28:36.497  INFO 8304 --- [    Test worker] .b.t.c.SpringBootTestContextBootstrapper : Found @SpringBootConfiguration com.jojoldu.book.springboot.Application for test class com.jojoldu.book.springboot.web.HelloControllerTest
2020-11-21 15:28:36.498  INFO 8304 --- [    Test worker] .b.t.a.w.s.WebMvcTestContextBootstrapper : Loaded default TestExecutionListener class names from location [META-INF/spring.factories]: [org.springframework.security.test.context.support.WithSecurityContextTestExecutionListener, org.springframework.security.test.context.support.ReactorContextTestExecutionListener, org.springframework.boot.test.autoconfigure.restdocs.RestDocsTestExecutionListener, org.springframework.boot.test.autoconfigure.web.client.MockRestServiceServerResetTestExecutionListener, org.springframework.boot.test.autoconfigure.web.servlet.MockMvcPrintOnlyOnFailureTestExecutionListener, org.springframework.boot.test.autoconfigure.web.servlet.WebDriverTestExecutionListener, org.springframework.boot.test.mock.mockito.MockitoTestExecutionListener, org.springframework.boot.test.mock.mockito.ResetMocksTestExecutionListener, org.springframework.test.context.web.ServletTestExecutionListener, org.springframework.test.context.support.DirtiesContextBeforeModesTestExecutionListener, org.springframework.test.context.support.DependencyInjectionTestExecutionListener, org.springframework.test.context.support.DirtiesContextTestExecutionListener, org.springframework.test.context.transaction.TransactionalTestExecutionListener, org.springframework.test.context.jdbc.SqlScriptsTestExecutionListener]
2020-11-21 15:28:36.500  INFO 8304 --- [    Test worker] .b.t.a.w.s.WebMvcTestContextBootstrapper : Using TestExecutionListeners: [org.springframework.test.context.web.ServletTestExecutionListener@5300d985, org.springframework.test.context.support.DirtiesContextBeforeModesTestExecutionListener@28563220, org.springframework.boot.test.mock.mockito.MockitoTestExecutionListener@1fee99a, org.springframework.boot.test.autoconfigure.SpringBootDependencyInjectionTestExecutionListener@219cf92b, org.springframework.test.context.support.DirtiesContextTestExecutionListener@7485c06c, org.springframework.test.context.transaction.TransactionalTestExecutionListener@6ddb2bee, org.springframework.test.context.jdbc.SqlScriptsTestExecutionListener@1b1fadf6, org.springframework.security.test.context.support.WithSecurityContextTestExecutionListener@5d8c5a1f, org.springframework.security.test.context.support.ReactorContextTestExecutionListener@7d06762, org.springframework.boot.test.autoconfigure.restdocs.RestDocsTestExecutionListener@33e0b82d, org.springframework.boot.test.autoconfigure.web.client.MockRestServiceServerResetTestExecutionListener@5576c3ba, org.springframework.boot.test.autoconfigure.web.servlet.MockMvcPrintOnlyOnFailureTestExecutionListener@6a9537a9, org.springframework.boot.test.autoconfigure.web.servlet.WebDriverTestExecutionListener@6efab6ee, org.springframework.boot.test.mock.mockito.ResetMocksTestExecutionListener@586d4acc]

  .   ____          _            __ _ _
 /\\ / ___'_ __ _ _(_)_ __  __ _ \ \ \ \
( ( )\___ | '_ | '_| | '_ \/ _` | \ \ \ \
 \\/  ___)| |_)| | | | | || (_| |  ) ) ) )
  '  |____| .__|_| |_|_| |_\__, | / / / /
 =========|_|==============|___/=/_/_/_/
 :: Spring Boot ::        (v2.1.7.RELEASE)

2020-11-21 15:28:36.572  INFO 8304 --- [    Test worker] c.j.b.s.web.HelloControllerTest          : Starting HelloControllerTest on LAPTOP-3HCL3HVB with PID 8304 (started by Yoo in C:\Users\Yoo\IdeaProjects\freelec-springboot2-webservice)
2020-11-21 15:28:36.573  INFO 8304 --- [    Test worker] c.j.b.s.web.HelloControllerTest          : The following profiles are active: oauth
2020-11-21 15:28:37.597  INFO 8304 --- [    Test worker] o.s.s.concurrent.ThreadPoolTaskExecutor  : Initializing ExecutorService 'applicationTaskExecutor'
2020-11-21 15:28:37.654  INFO 8304 --- [    Test worker] o.s.b.a.w.s.WelcomePageHandlerMapping    : Adding welcome page template: index
2020-11-21 15:28:38.023  INFO 8304 --- [    Test worker] .s.s.UserDetailsServiceAutoConfiguration : 

Using generated security password: ba2dd477-3549-4218-86df-05aaec52c201

2020-11-21 15:28:38.247  INFO 8304 --- [    Test worker] o.s.s.web.DefaultSecurityFilterChain     : Creating filter chain: any request, [org.springframework.security.web.context.request.async.WebAsyncManagerIntegrationFilter@5cc12caf, org.springframework.security.web.context.SecurityContextPersistenceFilter@61826df, org.springframework.security.web.header.HeaderWriterFilter@783870ec, org.springframework.security.web.csrf.CsrfFilter@feb1064, org.springframework.security.web.authentication.logout.LogoutFilter@60a84ba0, org.springframework.security.web.authentication.UsernamePasswordAuthenticationFilter@750a5786, org.springframework.security.web.authentication.ui.DefaultLoginPageGeneratingFilter@39309c75, org.springframework.security.web.authentication.ui.DefaultLogoutPageGeneratingFilter@26b78b6b, org.springframework.security.web.authentication.www.BasicAuthenticationFilter@271e918c, org.springframework.security.web.savedrequest.RequestCacheAwareFilter@1498c189, org.springframework.security.web.servletapi.SecurityContextHolderAwareRequestFilter@2f1c6ce6, org.springframework.security.web.authentication.AnonymousAuthenticationFilter@75f6ecc0, org.springframework.security.web.session.SessionManagementFilter@2f8737bf, org.springframework.security.web.access.ExceptionTranslationFilter@59396570, org.springframework.security.web.access.intercept.FilterSecurityInterceptor@1d2395d6]
2020-11-21 15:28:38.312  INFO 8304 --- [    Test worker] o.s.b.t.m.w.SpringBootMockServletContext : Initializing Spring TestDispatcherServlet ''
2020-11-21 15:28:38.312  INFO 8304 --- [    Test worker] o.s.t.web.servlet.TestDispatcherServlet  : Initializing Servlet ''
2020-11-21 15:28:38.334  INFO 8304 --- [    Test worker] o.s.t.web.servlet.TestDispatcherServlet  : Completed initialization in 21 ms
2020-11-21 15:28:38.375  INFO 8304 --- [    Test worker] c.j.b.s.web.HelloControllerTest          : Started HelloControllerTest in 1.871 seconds (JVM running for 11.278)
]]></system-out>
  <system-err><![CDATA[]]></system-err>
</testsuite>
